<?xml version="1.0" encoding="UTF-8"?>
<testng-results ignored="0" total="1" passed="1" failed="0" skipped="0">
  <reporter-output>
  </reporter-output>
  <suite started-at="2024-09-04T10:56:56 IST" name="Default suite" finished-at="2024-09-04T10:57:02 IST" duration-ms="5746">
    <groups>
    </groups>
    <test started-at="2024-09-04T10:56:56 IST" name="Default test" finished-at="2024-09-04T10:57:02 IST" duration-ms="5746">
      <class name="fathimaswt.NewTest">
        <test-method is-config="true" signature="launchBrowser()[pri:0, instance:fathimaswt.NewTest@13e344d]" started-at="2024-09-04T10:56:56 IST" name="launchBrowser" finished-at="2024-09-04T10:57:02 IST" duration-ms="5480" status="PASS">
          <reporter-output>
          </reporter-output>
        </test-method> <!-- launchBrowser -->
        <test-method signature="verifyHomepageTitle()[pri:0, instance:fathimaswt.NewTest@13e344d]" started-at="2024-09-04T10:57:02 IST" name="verifyHomepageTitle" finished-at="2024-09-04T10:57:02 IST" duration-ms="44" status="PASS">
          <reporter-output>
          </reporter-output>
        </test-method> <!-- verifyHomepageTitle -->
        <test-method is-config="true" signature="TerminateBrowser()[pri:0, instance:fathimaswt.NewTest@13e344d]" started-at="2024-09-04T10:57:02 IST" name="TerminateBrowser" finished-at="2024-09-04T10:57:02 IST" duration-ms="167" status="PASS">
          <reporter-output>
          </reporter-output>
        </test-method> <!-- TerminateBrowser -->
      </class> <!-- fathimaswt.NewTest -->
    </test> <!-- Default test -->
  </suite> <!-- Default suite -->
</testng-results>
